This is TeX, Version 3.14159 (Web2C 7.4.5) (format=latex 2005.8.12)  17 SEP 2005 13:15
**prosper-tour
(/group/statsoft/tex/TexInputs/prosper/doc/prosper-tour.tex
LaTeX2e <2001/06/01>
Babel <v3.7h> and hyphenation patterns for american, french, german, ngerman, n
ohyphenation, loaded.
(/group/statsoft/tex/TexInputs/prosper/prosper.cls
Document Class: prosper 2001/01/23, v. 1.1
(c) 2000 Frederic Goualard, CWI, The Netherlands
CVSId: $Id: prosper.cls,v 1.5 2001/01/31 10:20:44 exupery Exp $
 
(/usr/share/texmf/tex/latex/seminar/seminar.cls
Document Class: seminar 1997/10/13, 1.4
Document Style: `seminar' v1.4 <1997/10/13> (tvz)
\slidewidth=\dimen102
\slideheight=\dimen103
\footheight=\dimen104
(/usr/share/texmf/tex/latex/base/article.cls
Document Class: article 2001/04/21 v1.4e Standard LaTeX document class
(/usr/share/texmf/tex/latex/base/leqno.clo
File: leqno.clo 1998/08/17 v1.1c Standard LaTeX option (left equation numbers)
)
(/usr/share/texmf/tex/latex/base/size10.clo
File: size10.clo 2001/04/21 v1.4e Standard LaTeX file (size option)
)
\c@part=\count79
\c@section=\count80
\c@subsection=\count81
\c@subsubsection=\count82
\c@paragraph=\count83
\c@subparagraph=\count84
\c@figure=\count85
\c@table=\count86
\abovecaptionskip=\skip41
\belowcaptionskip=\skip42
\bibindent=\dimen105
)
(/usr/share/texmf/tex/latex/seminar/sem-page.sty)
\before@document=\toks14
\after@document=\toks15
\before@enddocument=\toks16
\c@slide=\count87
\slide@count=\count88
\@slidebox=\box26
\not@slidebox=\box27
\slide@hook=\toks17
\after@slide=\toks18
\slide@footins=\insert233
\slide@listdepth=\count89
\saved@specials=\box28
\before@newslide=\toks19
\after@slidepage=\toks20
\slidesep=\skip43
\c@note=\count90
\slideframewidth=\dimen106
\slideframesep=\dimen107
\semin=\dimen108
\semcm=\dimen109
)
(/usr/share/texmf/tex/latex/config/seminar.con)
(/usr/share/texmf/tex/latex/seminar/semcolor.sty
Style Option: `semcolor' for doc style `seminar' 1.0 <93/04/01> (tvz)
(/usr/share/texmf/tex/generic/pstricks/pstricks.tex
`PSTricks' v97 patch 14  <1999/12/23> (tvz)
\pst@dima=\dimen110
\pst@dimb=\dimen111
\pst@dimc=\dimen112
\pst@dimd=\dimen113
\pst@dimg=\dimen114
\pst@dimh=\dimen115
\pst@hbox=\box29
\pst@boxg=\box30
\pst@cnta=\count91
\pst@cntb=\count92
\pst@cntc=\count93
\pst@cntd=\count94
\pst@cntg=\count95
\pst@cnth=\count96
\pst@toks=\toks21
(/usr/share/texmf/tex/generic/pstricks/pstricks.con)
\psunit=\dimen116
\psxunit=\dimen117
\psyunit=\dimen118
\pslinewidth=\dimen119
\pst@customdefs=\toks22
\pslinearc=\dimen120
\everypsbox=\toks23
\psframesep=\dimen121
\pslabelsep=\dimen122
\theoverlaybox=\box31
))
(/usr/share/texmf/tex/latex/seminar/semlayer.sty
\@@slidebox=\box32
\c@overlay=\count97
)
(/usr/share/texmf/tex/latex/graphics/graphicx.sty
Package: graphicx 1999/02/16 v1.0f Enhanced LaTeX Graphics (DPC,SPQR)

(/usr/share/texmf/tex/latex/graphics/keyval.sty
Package: keyval 1999/03/16 v1.13 key=value parser (DPC)
\KV@toks@=\toks24
)
(/usr/share/texmf/tex/latex/graphics/graphics.sty
Package: graphics 2001/07/07 v1.0n Standard LaTeX Graphics (DPC,SPQR)

(/usr/share/texmf/tex/latex/graphics/trig.sty
Package: trig 1999/03/16 v1.09 sin cos tan (DPC)
)
(/usr/share/texmf/tex/latex/config/graphics.cfg
File: graphics.cfg 2001/08/31 v1.1 graphics configuration of teTeX/TeXLive
)
Package graphics Info: Driver file: dvips.def on input line 80.

(/usr/share/texmf/tex/latex/graphics/dvips.def
File: dvips.def 1999/02/16 v3.0i Driver-dependant file (DPC,SPQR)
))
\Gin@req@height=\dimen123
\Gin@req@width=\dimen124
)
(/usr/share/texmf/tex/latex/hyperref/hyperref.sty
Package: hyperref 2003/01/22 v6.73n Hypertext links for LaTeX
\@linkdim=\dimen125
\Hy@linkcounter=\count98
\Hy@pagecounter=\count99

(/usr/share/texmf/tex/latex/hyperref/pd1enc.def
File: pd1enc.def 2003/01/22 v6.73n Hyperref: PDFDocEncoding definition (HO)
)
(/space/jyan/TexInputs/hyperref.cfg)
Package hyperref Info: Option `bookmarks' set `true' on input line 1744.
Package hyperref Info: Option `pdffitwindow' set `true' on input line 1744.
Package hyperref Info: Option `pdfcenterwindow' set `true' on input line 1744.
Package hyperref Info: Hyper figures OFF on input line 1792.
Package hyperref Info: Link nesting OFF on input line 1797.
Package hyperref Info: Hyper index ON on input line 1800.
Package hyperref Info: Plain pages ON on input line 1805.
Package hyperref Info: Backreferencing OFF on input line 1812.

Implicit mode ON; LaTeX internals redefined
Package hyperref Info: Bookmarks ON on input line 1916.
(/usr/share/texmf/tex/latex/html/url.sty
Package: url 1999/03/02  ver 1.4  Verb mode for urls, email addresses, and file
 names
)
LaTeX Info: Redefining \url on input line 2055.
\Fld@menulength=\count100
\Field@Width=\dimen126
\Fld@charsize=\dimen127
\Choice@toks=\toks25
\Field@toks=\toks26
Package hyperref Info: Hyper figures OFF on input line 2513.
Package hyperref Info: Link nesting OFF on input line 2518.
Package hyperref Info: Hyper index ON on input line 2521.
Package hyperref Info: backreferencing OFF on input line 2528.
Package hyperref Info: Link coloring OFF on input line 2533.
\c@Item=\count101
\c@Hfootnote=\count102
)
*hyperref using driver hdvips*
(/usr/share/texmf/tex/latex/hyperref/hdvips.def
File: hdvips.def 2003/01/22 v6.73n Hyperref driver for dvips

(/usr/share/texmf/tex/latex/hyperref/pdfmark.def
File: pdfmark.def 2003/01/22 v6.73n Hyperref definitions for pdfmark specials
\pdf@docset=\toks27
\pdf@box=\box33
\pdf@toks=\toks28
\pdf@defaulttoks=\toks29
\Fld@listcount=\count103
\@outlinefile=\write3
))
(/usr/share/texmf/tex/latex/base/ifthen.sty
Package: ifthen 2001/05/26 v1.1c Standard LaTeX ifthen package (DPC)
)
\slideWidth=\skip44
\c@trueSlideCounter=\count104

(/group/statsoft/tex/TexInputs/prosper/PPRautumn.sty
Package: PPRautumn 2000/11/24

autumn style for Prosper ---
(c) 2000 Frederic Goualard, CWI, The Netherlands
CVSId: $Id: PPRautumn.sty,v 1.2 2000/12/05 14:56:48 exupery Exp $
 
(/usr/share/texmf/tex/latex/pstricks/pst-grad.sty
Package: pst-grad 1997/03/25 package wrapper for PSTricks pst-grad.tex

(/usr/share/texmf/tex/generic/pstricks/pst-grad.tex  v97 patch 1, 1997/04/28))
(/usr/share/texmf/tex/latex/amsfonts/amssymb.sty
Package: amssymb 2002/01/22 v2.2d

(/usr/share/texmf/tex/latex/amsfonts/amsfonts.sty
Package: amsfonts 2001/10/25 v2.2f
\@emptytoks=\toks30
\symAMSa=\mathgroup4
\symAMSb=\mathgroup5
LaTeX Font Info:    Overwriting math alphabet `\mathfrak' in version `bold'
(Font)                  U/euf/m/n --> U/euf/b/n on input line 132.
))
(/usr/share/texmf/tex/latex/psnfss/times.sty
Package: times 2002/09/08 PSNFSS-v9.0a (SPQR) 
))
\c@item@step=\count105
\c@overlay@page=\count106
\theoverlays=\box34
\c@overlaysCount=\count107
\c@limitOverlays=\count108
)
(/usr/share/texmf/tex/latex/base/inputenc.sty
Package: inputenc 2001/07/10 v0.99a Input encoding file 

(/usr/share/texmf/tex/latex/base/latin1.def
File: latin1.def 2001/07/10 v0.99a Input encoding file 
))
(/usr/share/texmf/tex/latex/pstricks/pstricks.sty
Package: pstricks 1997/03/25 package wrapper for PSTricks pstricks.tex

(/usr/share/texmf/tex/generic/pstricks/pstricks.tex))
(/usr/share/texmf/tex/latex/pstricks/pst-node.sty
Package: pst-node 1997/03/25 package wrapper for PSTricks pst-node.tex

(/usr/share/texmf/tex/generic/pstricks/pst-node.tex  v97 patch 11, 2000/11/09
\psrow=\count109
\pscol=\count110
\psmatrixcnt=\count111
\psrowsep=\skip45
\pscolsep=\skip46
)) (/usr/share/texmf/tex/latex/pstricks/pst-text.sty
Package: pst-text 1997/03/25 package wrapper for PSTricks pst-text.tex

(/usr/share/texmf/tex/generic/pstricks/pst-text.tex  v97, 1997/03/25))
(/usr/share/texmf/tex/latex/pstricks/pst-3d.sty
Package: pst-3d 1997/03/25 package wrapper for PSTricks pst-3d.tex

(/usr/share/texmf/tex/generic/pstricks/pst-3d.tex  v97, 1997/03/25))
(/usr/share/texmf/tex/latex/amsmath/amsmath.sty
Package: amsmath 2000/07/18 v2.13 AMS math features
\@mathmargin=\skip47

For additional information on amsmath, use the `?' option.
(/usr/share/texmf/tex/latex/amsmath/amstext.sty
Package: amstext 2000/06/29 v2.01

(/usr/share/texmf/tex/latex/amsmath/amsgen.sty
File: amsgen.sty 1999/11/30 v2.0
\@emptytoks=\toks31
\ex@=\dimen128
))
(/usr/share/texmf/tex/latex/amsmath/amsbsy.sty
Package: amsbsy 1999/11/29 v1.2d
\pmbraise@=\dimen129
)
(/usr/share/texmf/tex/latex/amsmath/amsopn.sty
Package: amsopn 1999/12/14 v2.01 operator names
)
\inf@bad=\count112
LaTeX Info: Redefining \frac on input line 211.
\uproot@=\count113
\leftroot@=\count114
LaTeX Info: Redefining \overline on input line 307.
\classnum@=\count115
\DOTSCASE@=\count116
LaTeX Info: Redefining \ldots on input line 379.
LaTeX Info: Redefining \dots on input line 382.
LaTeX Info: Redefining \cdots on input line 467.
\Mathstrutbox@=\box35
\strutbox@=\box36
\big@size=\dimen130
LaTeX Font Info:    Redeclaring font encoding OML on input line 567.
LaTeX Font Info:    Redeclaring font encoding OMS on input line 568.
\macc@depth=\count117
\c@MaxMatrixCols=\count118
\dotsspace@=\muskip10
\c@parentequation=\count119
\dspbrk@lvl=\count120
\tag@help=\toks32
\row@=\count121
\column@=\count122
\maxfields@=\count123
\andhelp@=\toks33
\eqnshift@=\dimen131
\alignsep@=\dimen132
\tagshift@=\dimen133
\tagwidth@=\dimen134
\totwidth@=\dimen135
\lineht@=\dimen136
\@envbody=\toks34
\multlinegap=\skip48
\multlinetaggap=\skip49
\mathdisplay@stack=\toks35
LaTeX Info: Redefining \[ on input line 2666.
LaTeX Info: Redefining \] on input line 2667.
)
\pst@dimz=\dimen137
 (./prosper-tour.aux)
\openout1 = `prosper-tour.aux'.

LaTeX Font Info:    Checking defaults for OML/cmm/m/it on input line 91.
LaTeX Font Info:    ... okay on input line 91.
LaTeX Font Info:    Checking defaults for T1/cmr/m/n on input line 91.
LaTeX Font Info:    ... okay on input line 91.
LaTeX Font Info:    Checking defaults for OT1/cmr/m/n on input line 91.
LaTeX Font Info:    ... okay on input line 91.
LaTeX Font Info:    Checking defaults for OMS/cmsy/m/n on input line 91.
LaTeX Font Info:    ... okay on input line 91.
LaTeX Font Info:    Checking defaults for OMX/cmex/m/n on input line 91.
LaTeX Font Info:    ... okay on input line 91.
LaTeX Font Info:    Checking defaults for U/cmr/m/n on input line 91.
LaTeX Font Info:    ... okay on input line 91.
LaTeX Font Info:    Checking defaults for PD1/pdf/m/n on input line 91.
LaTeX Font Info:    ... okay on input line 91.
LaTeX Font Info:    Try loading font information for OT1+ptm on input line 91.

(/usr/share/texmf/tex/latex/psnfss/ot1ptm.fd
File: ot1ptm.fd 2001/06/04 font definitions for OT1/ptm.
)
Package hyperref Info: Link coloring OFF on input line 91.

(/usr/share/texmf/tex/latex/hyperref/nameref.sty
Package: nameref 2001/01/27 v2.19 Cross-referencing by name of section
\c@section@level=\count124
)
LaTeX Info: Redefining \ref on input line 91.
LaTeX Info: Redefining \pageref on input line 91.
 (./prosper-tour.out)
(./prosper-tour.out)
\openout3 = `prosper-tour.out'.

LaTeX Font Info:    Try loading font information for T1+ptm on input line 92.
 (/usr/share/texmf/tex/latex/psnfss/t1ptm.fd
File: t1ptm.fd 2001/06/04 font definitions for T1/ptm.
)
LaTeX Font Info:    Calculating math sizes for size <16> on input line 92.


LaTeX Font Warning: Font shape `OT1/cmr/m/n' in size <16> not available
(Font)              size <17.28> substituted on input line 92.


LaTeX Font Warning: Font shape `OML/cmm/m/it' in size <16> not available
(Font)              size <17.28> substituted on input line 92.


LaTeX Font Warning: Font shape `OMS/cmsy/m/n' in size <16> not available
(Font)              size <17.28> substituted on input line 92.


LaTeX Font Warning: Font shape `OMX/cmex/m/n' in size <16> not available
(Font)              size <17.28> substituted on input line 92.

LaTeX Font Info:    Try loading font information for U+msa on input line 92.
(/usr/share/texmf/tex/latex/amsfonts/umsa.fd
File: umsa.fd 2002/01/19 v2.2g AMS font definitions
)

LaTeX Font Warning: Font shape `U/msa/m/n' in size <16> not available
(Font)              size <17.28> substituted on input line 92.

LaTeX Font Info:    Try loading font information for U+msb on input line 92.
(/usr/share/texmf/tex/latex/amsfonts/umsb.fd
File: umsb.fd 2002/01/19 v2.2g AMS font definitions
)

LaTeX Font Warning: Font shape `U/msb/m/n' in size <16> not available
(Font)              size <17.28> substituted on input line 92.

[1


]
LaTeX Font Info:    Try loading font information for T1+pcr on input line 100.
 (/usr/share/texmf/tex/latex/psnfss/t1pcr.fd
File: t1pcr.fd 2001/06/04 font definitions for T1/pcr.
) [2

] [3

] [3

] [3

] [3

] [3

]
[3

] [3

] [4

] [4

]
Underfull \hbox (badness 1028) in paragraph at lines 180--180
\T1/ptm/m/n/12 l'^^f7il d'un con-tr^^f4leur pais-i-ble on gag-
 []


Underfull \hbox (badness 1077) in paragraph at lines 180--180
\T1/ptm/m/n/12 ruis-seau, des ^^e9glan-tines. Le chef de
 []

[5

]
Underfull \hbox (badness 1028) in paragraph at lines 180--180
\T1/ptm/m/n/12 l'^^f7il d'un con-tr^^f4leur pais-i-ble on gag-
 []


Underfull \hbox (badness 1077) in paragraph at lines 180--180
\T1/ptm/m/n/12 ruis-seau, des ^^e9glan-tines. Le chef de
 []

[5

] [6

] [6

] [6

] [7

] [7

]
Underfull \hbox (badness 1210) in paragraph at lines 231--233
[]\T1/ptm/m/n/14.4 This is the [][][][]  last slide. Do you want to go to the
 []

[8

] (./prosper-tour.aux)

LaTeX Font Warning: Size substitutions with differences
(Font)              up to 1.28pt have occurred.

 ) 
Here is how much of TeX's memory you used:
 5094 strings out of 95847
 63259 string characters out of 1195948
 137037 words of memory out of 700001
 7931 multiletter control sequences out of 10000+50000
 36372 words of font info for 76 fonts, out of 500000 for 1000
 14 hyphenation exceptions out of 1000
 37i,13n,28p,243b,811s stack positions out of 1500i,500n,5000p,200000b,5000s

Output written on prosper-tour.dvi (19 pages, 77420 bytes).
